<?xml version="1.0" encoding="UTF-8"?>
<!-- Generated by org.testng.reporters.JUnitReportReporter -->
<testsuite hostname="DESKTOP-HRJ6L3P" name="package1.logintestcases" tests="6" failures="0" timestamp="25 May 2020 12:18:57 GMT" time="31.759" errors="0">
  <testcase name="z_user" time="4.385" classname="package1.logintestcases"/>
  <testcase name="unthoriseduser" time="12.273" classname="package1.logintestcases"/>
  <testcase name="unthoriseduser" time="3.212" classname="package1.logintestcases"/>
  <testcase name="unthoriseduser" time="3.507" classname="package1.logintestcases"/>
  <testcase name="unthoriseduser" time="4.502" classname="package1.logintestcases"/>
  <testcase name="unthoriseduser" time="3.880" classname="package1.logintestcases"/>
</testsuite> <!-- package1.logintestcases -->
