<?xml version="1.0" encoding="UTF-8"?>
<!-- Generated by org.testng.reporters.JUnitReportReporter -->
<testsuite hostname="DESKTOP-HRJ6L3P" name="package1.Signuptestcases" tests="2" failures="0" timestamp="25 May 2020 12:18:57 GMT" time="44.314" errors="0">
  <testcase name="secondlogin" time="2.322" classname="package1.Signuptestcases"/>
  <testcase name="firstlogin" time="41.992" classname="package1.Signuptestcases"/>
</testsuite> <!-- package1.Signuptestcases -->
